<?xml version="1.0" encoding="UTF-8"?>
<!-- Generated by org.testng.reporters.JUnitXMLReporter -->
<testsuite ignored="0" hostname="v-yerzhykevych-pc" failures="0" tests="5" name="Surefire test" time="55.707" errors="0" timestamp="21 дек. 2020 09:49:25 GMT">
  <testcase classname="LogInNegativeTest" name="signInNegativeTestEmptyFields" time="2.316"/>
  <testcase classname="LogInNegativeTest" name="signInNegativeTestWrongData" time="1.502"/>
  <testcase classname="LogInTest" name="signInTest" time="4.335"/>
  <testcase classname="LogOutTest" name="logOutTest" time="1.485"/>
  <testcase classname="NewRequestTest" name="logOutTest" time="31.355"/>
</testsuite> <!-- Surefire test -->
