<?xml version="1.0" encoding="UTF-8"?>
<!-- Generated by org.testng.reporters.JUnitXMLReporter -->
<testsuite ignored="0" hostname="v-yerzhykevych-pc" failures="0" tests="5" name="Surefire test" time="62.925" errors="0" timestamp="15 дек. 2020 12:49:38 GMT">
  <testcase classname="LogInNegativeTest" name="signInNegativeTestEmptyFields" time="3.274"/>
  <testcase classname="LogInNegativeTest" name="signInNegativeTestWrongData" time="1.465"/>
  <testcase classname="LogInTest" name="signInTest" time="3.946"/>
  <testcase classname="LogOutTest" name="logOutTest" time="1.676"/>
  <testcase classname="NewRequestTest" name="logOutTest" time="36.826"/>
</testsuite> <!-- Surefire test -->
