<?xml version="1.0" encoding="UTF-8"?>
<testsuite xmlns:xsi="http://www.w3.org/2001/XMLSchema-instance" xsi:noNamespaceSchemaLocation="https://maven.apache.org/surefire/maven-surefire-plugin/xsd/surefire-test-report.xsd" name="TestSuite" time="2.431" tests="13" errors="0" skipped="9" failures="4">
  <properties>
[...]
</properties>
  <testcase name="setup" classname="LogInNegativeTest" time="1.841">
    <failure message="&#10;Parameter &apos;browser&apos; is required by BeforeClass on method setup but has not been marked @Optional or defined&#10;" type="org.testng.TestNGException">org.testng.TestNGException: 

Parameter 'browser' is required by BeforeClass on method setup but has not been marked @Optional or defined

</failure>
    <system-out><![CDATA[onStart method started 
]]></system-out>
    <system-err><![CDATA[SLF4J: Failed to load class "org.slf4j.impl.StaticLoggerBinder".
SLF4J: Defaulting to no-operation (NOP) logger implementation
SLF4J: See http://www.slf4j.org/codes.html#StaticLoggerBinder for further details.
]]></system-err>
  </testcase>
  <testcase name="signInNegativeTestEmptyFields" classname="LogInNegativeTest" time="0">
    <skipped message="&#10;Parameter &apos;browser&apos; is required by BeforeClass on method setup but has not been marked @Optional or defined&#10;"/>
    <system-out><![CDATA[onTestSkipped Method signInNegativeTestEmptyFields
]]></system-out>
  </testcase>
  <testcase name="signInNegativeTestWrongData" classname="LogInNegativeTest" time="0">
    <skipped message="Method LogInNegativeTest.signInNegativeTestWrongData(java.lang.String, java.lang.String)[pri:0, instance:LogInNegativeTest@320494b6] depends on not successfully finished methods"/>
    <system-out><![CDATA[onTestSkipped Method signInNegativeTestWrongData
]]></system-out>
  </testcase>
  <testcase name="tearDown" classname="LogInNegativeTest" time="0">
    <skipped/>
  </testcase>
  <testcase name="setup on [LogInTest passed=0 failed=0 skipped=0]" classname="LogInTest" time="2.251">
    <failure message="&#10;Parameter &apos;browser&apos; is required by BeforeClass on method setup but has not been marked @Optional or defined&#10;" type="org.testng.TestNGException">org.testng.TestNGException: 

Parameter 'browser' is required by BeforeClass on method setup but has not been marked @Optional or defined

</failure>
  </testcase>
  <testcase name="signInTest on [LogInTest passed=0 failed=0 skipped=0]" classname="LogInTest" time="0">
    <skipped message="&#10;Parameter &apos;browser&apos; is required by BeforeClass on method setup but has not been marked @Optional or defined&#10;"/>
    <system-out><![CDATA[onTestSkipped Method signInTest on [LogInTest passed=0 failed=0 skipped=0]
]]></system-out>
  </testcase>
  <testcase name="tearDown on [LogInTest passed=0 failed=0 skipped=0]" classname="LogInTest" time="0">
    <skipped/>
  </testcase>
  <testcase name="setup" classname="LogOutTest" time="2.334">
    <failure message="&#10;Parameter &apos;browser&apos; is required by BeforeClass on method setup but has not been marked @Optional or defined&#10;" type="org.testng.TestNGException">org.testng.TestNGException: 

Parameter 'browser' is required by BeforeClass on method setup but has not been marked @Optional or defined

</failure>
  </testcase>
  <testcase name="logOutTest" classname="LogOutTest" time="0">
    <skipped message="&#10;Parameter &apos;browser&apos; is required by BeforeClass on method setup but has not been marked @Optional or defined&#10;"/>
    <system-out><![CDATA[onTestSkipped Method logOutTest
]]></system-out>
  </testcase>
  <testcase name="tearDown" classname="LogOutTest" time="0">
    <skipped/>
  </testcase>
  <testcase name="setup" classname="NewRequestTest" time="2.347">
    <failure message="&#10;Parameter &apos;browser&apos; is required by BeforeClass on method setup but has not been marked @Optional or defined&#10;" type="org.testng.TestNGException">org.testng.TestNGException: 

Parameter 'browser' is required by BeforeClass on method setup but has not been marked @Optional or defined

</failure>
  </testcase>
  <testcase name="logOutTest" classname="NewRequestTest" time="0">
    <skipped message="&#10;Parameter &apos;browser&apos; is required by BeforeClass on method setup but has not been marked @Optional or defined&#10;"/>
    <system-out><![CDATA[onTestSkipped Method logOutTest
]]></system-out>
  </testcase>
  <testcase name="tearDown" classname="NewRequestTest" time="0">
    <skipped/>
  </testcase>
</testsuite>