<?xml version="1.0" encoding="UTF-8"?>
<testng-results ignored="0" total="5" passed="5" failed="0" skipped="0">
  <reporter-output>
  </reporter-output>
  <suite started-at="2020-12-15T14:45:03Z" name="Surefire suite" finished-at="2020-12-15T14:46:02Z" duration-ms="59170">
    <groups>
    </groups>
    <test started-at="2020-12-15T14:45:03Z" name="Surefire test" finished-at="2020-12-15T14:46:02Z" duration-ms="59170">
      <class name="LogInTest">
        <test-method is-config="true" signature="setup()[pri:0, instance:LogInTest@5ecba515]" started-at="2020-12-15T14:45:10Z" name="setup" finished-at="2020-12-15T14:45:15Z" duration-ms="4489" status="PASS">
          <reporter-output>
          </reporter-output>
        </test-method> <!-- setup -->
        <test-method signature="signInTest(java.lang.String, java.lang.String)[pri:0, instance:LogInTest@5ecba515]" started-at="2020-12-15T14:45:15Z" name="signInTest" data-provider="positiveTest" finished-at="2020-12-15T14:45:19Z" duration-ms="4264" status="PASS">
          <params>
            <param index="0">
              <value>
                <![CDATA[hr.doctor@hospitalrun.io]]>
              </value>
            </param>
            <param index="1">
              <value>
                <![CDATA[HRt3st12]]>
              </value>
            </param>
          </params>
          <reporter-output>
          </reporter-output>
        </test-method> <!-- signInTest -->
        <test-method is-config="true" signature="tearDown()[pri:0, instance:LogInTest@5ecba515]" started-at="2020-12-15T14:45:19Z" name="tearDown" finished-at="2020-12-15T14:45:20Z" duration-ms="645" status="PASS">
          <reporter-output>
          </reporter-output>
        </test-method> <!-- tearDown -->
      </class> <!-- LogInTest -->
      <class name="LogOutTest">
        <test-method is-config="true" signature="setup()[pri:0, instance:LogOutTest@512d4583]" started-at="2020-12-15T14:45:20Z" name="setup" finished-at="2020-12-15T14:45:22Z" duration-ms="2531" status="PASS">
          <reporter-output>
          </reporter-output>
        </test-method> <!-- setup -->
        <test-method signature="logOutTest(java.lang.String, java.lang.String)[pri:0, instance:LogOutTest@512d4583]" started-at="2020-12-15T14:45:22Z" name="logOutTest" data-provider="logOutTest" finished-at="2020-12-15T14:45:24Z" duration-ms="1566" status="PASS">
          <params>
            <param index="0">
              <value>
                <![CDATA[hr.doctor@hospitalrun.io]]>
              </value>
            </param>
            <param index="1">
              <value>
                <![CDATA[HRt3st12]]>
              </value>
            </param>
          </params>
          <reporter-output>
          </reporter-output>
        </test-method> <!-- logOutTest -->
        <test-method is-config="true" signature="tearDown()[pri:0, instance:LogOutTest@512d4583]" started-at="2020-12-15T14:45:24Z" name="tearDown" finished-at="2020-12-15T14:45:24Z" duration-ms="652" status="PASS">
          <reporter-output>
          </reporter-output>
        </test-method> <!-- tearDown -->
      </class> <!-- LogOutTest -->
      <class name="NewRequestTest">
        <test-method is-config="true" signature="setup()[pri:0, instance:NewRequestTest@2abc224d]" started-at="2020-12-15T14:45:24Z" name="setup" finished-at="2020-12-15T14:45:29Z" duration-ms="4454" status="PASS">
          <reporter-output>
          </reporter-output>
        </test-method> <!-- setup -->
        <test-method signature="logOutTest(java.lang.String, java.lang.String)[pri:0, instance:NewRequestTest@2abc224d]" started-at="2020-12-15T14:45:29Z" name="logOutTest" data-provider="CreateNewRequest" finished-at="2020-12-15T14:46:01Z" duration-ms="32528" status="PASS">
          <params>
            <param index="0">
              <value>
                <![CDATA[hr.doctor@hospitalrun.io]]>
              </value>
            </param>
            <param index="1">
              <value>
                <![CDATA[HRt3st12]]>
              </value>
            </param>
          </params>
          <reporter-output>
          </reporter-output>
        </test-method> <!-- logOutTest -->
        <test-method is-config="true" signature="tearDown()[pri:0, instance:NewRequestTest@2abc224d]" started-at="2020-12-15T14:46:01Z" name="tearDown" finished-at="2020-12-15T14:46:02Z" duration-ms="609" status="PASS">
          <reporter-output>
          </reporter-output>
        </test-method> <!-- tearDown -->
      </class> <!-- NewRequestTest -->
      <class name="LogInNegativeTest">
        <test-method is-config="true" signature="setup()[pri:0, instance:LogInNegativeTest@3241713e]" started-at="2020-12-15T14:45:03Z" name="setup" finished-at="2020-12-15T14:45:05Z" duration-ms="2279" status="PASS">
          <reporter-output>
          </reporter-output>
        </test-method> <!-- setup -->
        <test-method signature="signInNegativeTestEmptyFields(java.lang.String, java.lang.String)[pri:0, instance:LogInNegativeTest@3241713e]" started-at="2020-12-15T14:45:05Z" name="signInNegativeTestEmptyFields" data-provider="negativeTestEmptyFields" finished-at="2020-12-15T14:45:08Z" duration-ms="2705" status="PASS">
          <params>
            <param index="0">
              <value>
                <![CDATA[]]>
              </value>
            </param>
            <param index="1">
              <value>
                <![CDATA[]]>
              </value>
            </param>
          </params>
          <reporter-output>
          </reporter-output>
        </test-method> <!-- signInNegativeTestEmptyFields -->
        <test-method signature="signInNegativeTestWrongData(java.lang.String, java.lang.String)[pri:0, instance:LogInNegativeTest@3241713e]" started-at="2020-12-15T14:45:08Z" name="signInNegativeTestWrongData" data-provider="negativeTestWrongData" finished-at="2020-12-15T14:45:10Z" depends-on-methods="LogInNegativeTest.signInNegativeTestEmptyFields" duration-ms="1561" status="PASS">
          <params>
            <param index="0">
              <value>
                <![CDATA[1]]>
              </value>
            </param>
            <param index="1">
              <value>
                <![CDATA[1]]>
              </value>
            </param>
          </params>
          <reporter-output>
          </reporter-output>
        </test-method> <!-- signInNegativeTestWrongData -->
        <test-method is-config="true" signature="tearDown()[pri:0, instance:LogInNegativeTest@3241713e]" started-at="2020-12-15T14:45:10Z" name="tearDown" finished-at="2020-12-15T14:45:10Z" duration-ms="630" status="PASS">
          <reporter-output>
          </reporter-output>
        </test-method> <!-- tearDown -->
      </class> <!-- LogInNegativeTest -->
    </test> <!-- Surefire test -->
  </suite> <!-- Surefire suite -->
</testng-results>
