<?xml version="1.0" encoding="UTF-8"?>
<testng-results ignored="0" total="5" passed="5" failed="0" skipped="0">
  <reporter-output>
  </reporter-output>
  <suite started-at="2020-12-16T10:04:12Z" name="Surefire suite" finished-at="2020-12-16T10:05:06Z" duration-ms="53112">
    <groups>
    </groups>
    <test started-at="2020-12-16T10:04:12Z" name="Surefire test" finished-at="2020-12-16T10:05:06Z" duration-ms="53112">
      <class name="LogInTest">
        <test-method is-config="true" signature="setup()[pri:0, instance:LogInTest@5486887b]" started-at="2020-12-16T10:04:19Z" name="setup" finished-at="2020-12-16T10:04:21Z" duration-ms="2399" status="PASS">
          <reporter-output>
          </reporter-output>
        </test-method> <!-- setup -->
        <test-method signature="signInTest(java.lang.String, java.lang.String)[pri:0, instance:LogInTest@5486887b]" started-at="2020-12-16T10:04:21Z" name="signInTest" data-provider="positiveTest" finished-at="2020-12-16T10:04:26Z" duration-ms="4398" status="PASS">
          <params>
            <param index="0">
              <value>
                <![CDATA[hr.doctor@hospitalrun.io]]>
              </value>
            </param>
            <param index="1">
              <value>
                <![CDATA[HRt3st12]]>
              </value>
            </param>
          </params>
          <reporter-output>
          </reporter-output>
        </test-method> <!-- signInTest -->
        <test-method is-config="true" signature="tearDown()[pri:0, instance:LogInTest@5486887b]" started-at="2020-12-16T10:04:26Z" name="tearDown" finished-at="2020-12-16T10:04:26Z" duration-ms="652" status="PASS">
          <reporter-output>
          </reporter-output>
        </test-method> <!-- tearDown -->
      </class> <!-- LogInTest -->
      <class name="LogOutTest">
        <test-method is-config="true" signature="setup()[pri:0, instance:LogOutTest@5226e402]" started-at="2020-12-16T10:04:26Z" name="setup" finished-at="2020-12-16T10:04:31Z" duration-ms="4316" status="PASS">
          <reporter-output>
          </reporter-output>
        </test-method> <!-- setup -->
        <test-method signature="logOutTest(java.lang.String, java.lang.String)[pri:0, instance:LogOutTest@5226e402]" started-at="2020-12-16T10:04:31Z" name="logOutTest" data-provider="logOutTest" finished-at="2020-12-16T10:04:32Z" duration-ms="1614" status="PASS">
          <params>
            <param index="0">
              <value>
                <![CDATA[hr.doctor@hospitalrun.io]]>
              </value>
            </param>
            <param index="1">
              <value>
                <![CDATA[HRt3st12]]>
              </value>
            </param>
          </params>
          <reporter-output>
          </reporter-output>
        </test-method> <!-- logOutTest -->
        <test-method is-config="true" signature="tearDown()[pri:0, instance:LogOutTest@5226e402]" started-at="2020-12-16T10:04:32Z" name="tearDown" finished-at="2020-12-16T10:04:33Z" duration-ms="637" status="PASS">
          <reporter-output>
          </reporter-output>
        </test-method> <!-- tearDown -->
      </class> <!-- LogOutTest -->
      <class name="NewRequestTest">
        <test-method is-config="true" signature="setup()[pri:0, instance:NewRequestTest@1440c311]" started-at="2020-12-16T10:04:33Z" name="setup" finished-at="2020-12-16T10:04:35Z" duration-ms="2351" status="PASS">
          <reporter-output>
          </reporter-output>
        </test-method> <!-- setup -->
        <test-method signature="logOutTest(java.lang.String, java.lang.String)[pri:0, instance:NewRequestTest@1440c311]" started-at="2020-12-16T10:04:35Z" name="logOutTest" data-provider="CreateNewRequest" finished-at="2020-12-16T10:05:05Z" duration-ms="29454" status="PASS">
          <params>
            <param index="0">
              <value>
                <![CDATA[hr.doctor@hospitalrun.io]]>
              </value>
            </param>
            <param index="1">
              <value>
                <![CDATA[HRt3st12]]>
              </value>
            </param>
          </params>
          <reporter-output>
          </reporter-output>
        </test-method> <!-- logOutTest -->
        <test-method is-config="true" signature="tearDown()[pri:0, instance:NewRequestTest@1440c311]" started-at="2020-12-16T10:05:05Z" name="tearDown" finished-at="2020-12-16T10:05:06Z" duration-ms="648" status="PASS">
          <reporter-output>
          </reporter-output>
        </test-method> <!-- tearDown -->
      </class> <!-- NewRequestTest -->
      <class name="LogInNegativeTest">
        <test-method is-config="true" signature="setup()[pri:0, instance:LogInNegativeTest@6edc4161]" started-at="2020-12-16T10:04:12Z" name="setup" finished-at="2020-12-16T10:04:15Z" duration-ms="2219" status="PASS">
          <reporter-output>
          </reporter-output>
        </test-method> <!-- setup -->
        <test-method signature="signInNegativeTestEmptyFields(java.lang.String, java.lang.String)[pri:0, instance:LogInNegativeTest@6edc4161]" started-at="2020-12-16T10:04:15Z" name="signInNegativeTestEmptyFields" data-provider="negativeTestEmptyFields" finished-at="2020-12-16T10:04:17Z" duration-ms="2228" status="PASS">
          <params>
            <param index="0">
              <value>
                <![CDATA[]]>
              </value>
            </param>
            <param index="1">
              <value>
                <![CDATA[]]>
              </value>
            </param>
          </params>
          <reporter-output>
          </reporter-output>
        </test-method> <!-- signInNegativeTestEmptyFields -->
        <test-method signature="signInNegativeTestWrongData(java.lang.String, java.lang.String)[pri:0, instance:LogInNegativeTest@6edc4161]" started-at="2020-12-16T10:04:17Z" name="signInNegativeTestWrongData" data-provider="negativeTestWrongData" finished-at="2020-12-16T10:04:18Z" depends-on-methods="LogInNegativeTest.signInNegativeTestEmptyFields" duration-ms="1403" status="PASS">
          <params>
            <param index="0">
              <value>
                <![CDATA[1]]>
              </value>
            </param>
            <param index="1">
              <value>
                <![CDATA[1]]>
              </value>
            </param>
          </params>
          <reporter-output>
          </reporter-output>
        </test-method> <!-- signInNegativeTestWrongData -->
        <test-method is-config="true" signature="tearDown()[pri:0, instance:LogInNegativeTest@6edc4161]" started-at="2020-12-16T10:04:18Z" name="tearDown" finished-at="2020-12-16T10:04:19Z" duration-ms="616" status="PASS">
          <reporter-output>
          </reporter-output>
        </test-method> <!-- tearDown -->
      </class> <!-- LogInNegativeTest -->
    </test> <!-- Surefire test -->
  </suite> <!-- Surefire suite -->
</testng-results>
