<?xml version="1.0" encoding="UTF-8"?>
<testng-results ignored="0" total="5" passed="5" failed="0" skipped="0">
  <reporter-output>
  </reporter-output>
  <suite started-at="2020-12-21T09:48:29Z" name="Surefire suite" finished-at="2020-12-21T09:49:25Z" duration-ms="55707">
    <groups>
    </groups>
    <test started-at="2020-12-21T09:48:29Z" name="Surefire test" finished-at="2020-12-21T09:49:25Z" duration-ms="55707">
      <class name="LogInTest">
        <test-method is-config="true" signature="setup()[pri:0, instance:LogInTest@43cf6ea3]" started-at="2020-12-21T09:48:36Z" name="setup" finished-at="2020-12-21T09:48:39Z" duration-ms="2401" status="PASS">
          <reporter-output>
          </reporter-output>
        </test-method> <!-- setup -->
        <test-method signature="signInTest(java.lang.String, java.lang.String)[pri:0, instance:LogInTest@43cf6ea3]" started-at="2020-12-21T09:48:39Z" name="signInTest" data-provider="positiveTest" finished-at="2020-12-21T09:48:43Z" duration-ms="4335" status="PASS">
          <params>
            <param index="0">
              <value>
                <![CDATA[hr.doctor@hospitalrun.io]]>
              </value>
            </param>
            <param index="1">
              <value>
                <![CDATA[HRt3st12]]>
              </value>
            </param>
          </params>
          <reporter-output>
          </reporter-output>
        </test-method> <!-- signInTest -->
        <test-method is-config="true" signature="tearDown()[pri:0, instance:LogInTest@43cf6ea3]" started-at="2020-12-21T09:48:43Z" name="tearDown" finished-at="2020-12-21T09:48:44Z" duration-ms="660" status="PASS">
          <reporter-output>
          </reporter-output>
        </test-method> <!-- tearDown -->
      </class> <!-- LogInTest -->
      <class name="LogOutTest">
        <test-method is-config="true" signature="setup()[pri:0, instance:LogOutTest@37c5fc56]" started-at="2020-12-21T09:48:44Z" name="setup" finished-at="2020-12-21T09:48:48Z" duration-ms="4284" status="PASS">
          <reporter-output>
          </reporter-output>
        </test-method> <!-- setup -->
        <test-method signature="logOutTest(java.lang.String, java.lang.String)[pri:0, instance:LogOutTest@37c5fc56]" started-at="2020-12-21T09:48:48Z" name="logOutTest" data-provider="logOutTest" finished-at="2020-12-21T09:48:50Z" duration-ms="1485" status="PASS">
          <params>
            <param index="0">
              <value>
                <![CDATA[hr.doctor@hospitalrun.io]]>
              </value>
            </param>
            <param index="1">
              <value>
                <![CDATA[HRt3st12]]>
              </value>
            </param>
          </params>
          <reporter-output>
          </reporter-output>
        </test-method> <!-- logOutTest -->
        <test-method is-config="true" signature="tearDown()[pri:0, instance:LogOutTest@37c5fc56]" started-at="2020-12-21T09:48:50Z" name="tearDown" finished-at="2020-12-21T09:48:50Z" duration-ms="742" status="PASS">
          <reporter-output>
          </reporter-output>
        </test-method> <!-- tearDown -->
      </class> <!-- LogOutTest -->
      <class name="NewRequestTest">
        <test-method is-config="true" signature="setup()[pri:0, instance:NewRequestTest@1c025cb]" started-at="2020-12-21T09:48:50Z" name="setup" finished-at="2020-12-21T09:48:53Z" duration-ms="2807" status="PASS">
          <reporter-output>
          </reporter-output>
        </test-method> <!-- setup -->
        <test-method signature="logOutTest(java.lang.String, java.lang.String)[pri:0, instance:NewRequestTest@1c025cb]" started-at="2020-12-21T09:48:53Z" name="logOutTest" data-provider="CreateNewRequest" finished-at="2020-12-21T09:49:24Z" duration-ms="31355" status="PASS">
          <params>
            <param index="0">
              <value>
                <![CDATA[hr.doctor@hospitalrun.io]]>
              </value>
            </param>
            <param index="1">
              <value>
                <![CDATA[HRt3st12]]>
              </value>
            </param>
          </params>
          <reporter-output>
          </reporter-output>
        </test-method> <!-- logOutTest -->
        <test-method is-config="true" signature="tearDown()[pri:0, instance:NewRequestTest@1c025cb]" started-at="2020-12-21T09:49:24Z" name="tearDown" finished-at="2020-12-21T09:49:25Z" duration-ms="672" status="PASS">
          <reporter-output>
          </reporter-output>
        </test-method> <!-- tearDown -->
      </class> <!-- NewRequestTest -->
      <class name="LogInNegativeTest">
        <test-method is-config="true" signature="setup()[pri:0, instance:LogInNegativeTest@4d33940d]" started-at="2020-12-21T09:48:29Z" name="setup" finished-at="2020-12-21T09:48:32Z" duration-ms="2317" status="PASS">
          <reporter-output>
          </reporter-output>
        </test-method> <!-- setup -->
        <test-method signature="signInNegativeTestEmptyFields(java.lang.String, java.lang.String)[pri:0, instance:LogInNegativeTest@4d33940d]" started-at="2020-12-21T09:48:32Z" name="signInNegativeTestEmptyFields" data-provider="negativeTestEmptyFields" finished-at="2020-12-21T09:48:34Z" duration-ms="2316" status="PASS">
          <params>
            <param index="0">
              <value>
                <![CDATA[]]>
              </value>
            </param>
            <param index="1">
              <value>
                <![CDATA[]]>
              </value>
            </param>
          </params>
          <reporter-output>
          </reporter-output>
        </test-method> <!-- signInNegativeTestEmptyFields -->
        <test-method signature="signInNegativeTestWrongData(java.lang.String, java.lang.String)[pri:0, instance:LogInNegativeTest@4d33940d]" started-at="2020-12-21T09:48:34Z" name="signInNegativeTestWrongData" data-provider="negativeTestWrongData" finished-at="2020-12-21T09:48:36Z" depends-on-methods="LogInNegativeTest.signInNegativeTestEmptyFields" duration-ms="1502" status="PASS">
          <params>
            <param index="0">
              <value>
                <![CDATA[1]]>
              </value>
            </param>
            <param index="1">
              <value>
                <![CDATA[1]]>
              </value>
            </param>
          </params>
          <reporter-output>
          </reporter-output>
        </test-method> <!-- signInNegativeTestWrongData -->
        <test-method is-config="true" signature="tearDown()[pri:0, instance:LogInNegativeTest@4d33940d]" started-at="2020-12-21T09:48:36Z" name="tearDown" finished-at="2020-12-21T09:48:36Z" duration-ms="683" status="PASS">
          <reporter-output>
          </reporter-output>
        </test-method> <!-- tearDown -->
      </class> <!-- LogInNegativeTest -->
    </test> <!-- Surefire test -->
  </suite> <!-- Surefire suite -->
</testng-results>
